<?xml version="1.0" encoding="UTF-8"?>
<testsuite name="com.java_practice.racingcar.ApplicationTest" tests="1" skipped="0" failures="1" errors="0" timestamp="2023-01-20T07:18:05" hostname="lifeui-MacBookPro.local" time="0.445">
  <properties/>
  <testcase name="전진_정지()" classname="com.java_practice.racingcar.ApplicationTest" time="0.445">
    <failure message="java.util.NoSuchElementException: No line found" type="java.util.NoSuchElementException">java.util.NoSuchElementException: No line found
	at java.base/java.util.Scanner.nextLine(Scanner.java:1651)
	at camp.nextstep.edu.missionutils.Console.readLine(Console.java:14)
	at com.java_practice.racingcar.InputManger.inputTryCnt(InputManger.java:15)
	at com.java_practice.racingcar.Application.main(Application.java:9)
	at com.java_practice.racingcar.ApplicationTest.runMain(ApplicationTest.java:39)
	at camp.nextstep.edu.missionutils.test.NsTest.run(NsTest.java:35)
	at com.java_practice.racingcar.ApplicationTest.lambda$전진_정지$0(ApplicationTest.java:20)
	at camp.nextstep.edu.missionutils.test.Assertions.lambda$assertRandomTest$4(Assertions.java:89)
	at org.junit.jupiter.api.AssertTimeout.lambda$assertTimeoutPreemptively$2(AssertTimeout.java:102)
	at org.junit.jupiter.api.AssertTimeout.lambda$assertTimeoutPreemptively$4(AssertTimeout.java:138)
	at java.base/java.util.concurrent.FutureTask.run(FutureTask.java:264)
	at java.base/java.util.concurrent.ThreadPoolExecutor.runWorker(ThreadPoolExecutor.java:1136)
	at java.base/java.util.concurrent.ThreadPoolExecutor$Worker.run(ThreadPoolExecutor.java:635)
	at java.base/java.lang.Thread.run(Thread.java:833)
</failure>
  </testcase>
  <system-out><![CDATA[경주할 자동차 이름을 입력하세요.(이름은 쉼표(,) 기준으로 구분)
시도할 회수는 몇회인가요?
unable to determine if the scanner is closed.
]]></system-out>
  <system-err><![CDATA[]]></system-err>
</testsuite>
